0 info it worked if it ends with ok
1 verbose cli [ 'C:\\Program Files\\nodejs\\node.exe',
1 verbose cli   'C:\\Program Files\\nodejs\\node_modules\\npm\\bin\\npm-cli.js',
1 verbose cli   'start' ]
2 info using npm@3.10.10
3 info using node@v6.11.3
4 verbose run-script [ 'prestart', 'start', 'poststart' ]
5 info lifecycle sprint-challenge-redux@1.0.0~prestart: sprint-challenge-redux@1.0.0
6 silly lifecycle sprint-challenge-redux@1.0.0~prestart: no script for prestart, continuing
7 info lifecycle sprint-challenge-redux@1.0.0~start: sprint-challenge-redux@1.0.0
8 verbose lifecycle sprint-challenge-redux@1.0.0~start: unsafe-perm in lifecycle true
9 verbose lifecycle sprint-challenge-redux@1.0.0~start: PATH: C:\Program Files\nodejs\node_modules\npm\bin\node-gyp-bin;C:\Users\Shaifali\Documents\Bhavik\Lambda\React\Sprint-Challenge-Redux-Axios\node_modules\.bin;C:\Users\Shaifali\bin;C:\Program Files\Git\mingw64\bin;C:\Program Files\Git\usr\local\bin;C:\Program Files\Git\usr\bin;C:\Program Files\Git\usr\bin;C:\Program Files\Git\mingw64\bin;C:\Program Files\Git\usr\bin;C:\Users\Shaifali\bin;C:\ProgramData\Oracle\Java\javapath;C:\WINDOWS\system32;C:\WINDOWS;C:\WINDOWS\System32\Wbem;C:\WINDOWS\System32\WindowsPowerShell\v1.0;C:\HashiCorp\Vagrant\bin;C:\Program Files (x86)\HP\Unified Functional Testing\bin;C:\Program Files (x86)\Java\jdk1.8.0_121\bin;C:\WINDOWS\system32\config\systemprofile\.dnx\bin;C:\Program Files\Microsoft DNX\Dnvm;C:\Program Files\Microsoft SQL Server\130\Tools\Binn;C:\Python27\Scripts;C:\Python27\Lib\site-packages;C:\Python27;C:\Program Files\MySQL\MySQL Utilities 1.6;C:\Program Files\MySQL\MySQL Server 5.7\bin;C:\Program Files (x86)\QuickTime\QTSystem;C:\Program Files\Git\cmd;C:\Program Files\Notepad++;C:\DevTools\apache-maven-3.5.0\bin;C:\Program Files\Intel\WiFi\bin;C:\Program Files\Common Files\Intel\WirelessCommon;C:\Program Files\nodejs;C:\Python27\selenium\webdriver;C:\Program Files (x86)\Brackets\command;C:\Users\Shaifali\AppData\Local\Microsoft\WindowsApps;C:\Users\Shaifali\AppData\Local\Google\Cloud SDK\google-cloud-sdk\bin;C:\Program Files\Intel\WiFi\bin;C:\Program Files\Common Files\Intel\WirelessCommon;C:\Users\Shaifali\AppData\Roaming\npm;C:\Program Files\Microsoft VS Code\bin;C:\Program Files\Git\usr\bin\vendor_perl;C:\Program Files\Git\usr\bin\core_perl
10 verbose lifecycle sprint-challenge-redux@1.0.0~start: CWD: C:\Users\Shaifali\Documents\Bhavik\Lambda\React\Sprint-Challenge-Redux-Axios
11 silly lifecycle sprint-challenge-redux@1.0.0~start: Args: [ '/d /s /c', 'node server.js' ]
12 silly lifecycle sprint-challenge-redux@1.0.0~start: Returned: code: 1  signal: null
13 info lifecycle sprint-challenge-redux@1.0.0~start: Failed to exec start script
14 verbose stack Error: sprint-challenge-redux@1.0.0 start: `node server.js`
14 verbose stack Exit status 1
14 verbose stack     at EventEmitter.<anonymous> (C:\Program Files\nodejs\node_modules\npm\lib\utils\lifecycle.js:255:16)
14 verbose stack     at emitTwo (events.js:106:13)
14 verbose stack     at EventEmitter.emit (events.js:191:7)
14 verbose stack     at ChildProcess.<anonymous> (C:\Program Files\nodejs\node_modules\npm\lib\utils\spawn.js:40:14)
14 verbose stack     at emitTwo (events.js:106:13)
14 verbose stack     at ChildProcess.emit (events.js:191:7)
14 verbose stack     at maybeClose (internal/child_process.js:920:16)
14 verbose stack     at Process.ChildProcess._handle.onexit (internal/child_process.js:230:5)
15 verbose pkgid sprint-challenge-redux@1.0.0
16 verbose cwd C:\Users\Shaifali\Documents\Bhavik\Lambda\React\Sprint-Challenge-Redux-Axios
17 error Windows_NT 10.0.15063
18 error argv "C:\\Program Files\\nodejs\\node.exe" "C:\\Program Files\\nodejs\\node_modules\\npm\\bin\\npm-cli.js" "start"
19 error node v6.11.3
20 error npm  v3.10.10
21 error code ELIFECYCLE
22 error sprint-challenge-redux@1.0.0 start: `node server.js`
22 error Exit status 1
23 error Failed at the sprint-challenge-redux@1.0.0 start script 'node server.js'.
23 error Make sure you have the latest version of node.js and npm installed.
23 error If you do, this is most likely a problem with the sprint-challenge-redux package,
23 error not with npm itself.
23 error Tell the author that this fails on your system:
23 error     node server.js
23 error You can get information on how to open an issue for this project with:
23 error     npm bugs sprint-challenge-redux
23 error Or if that isn't available, you can get their info via:
23 error     npm owner ls sprint-challenge-redux
23 error There is likely additional logging output above.
24 verbose exit [ 1, true ]
